<?xml version="1.0" ?>
<coverage version="6.4.3" timestamp="1660240079464" lines-valid="1" lines-covered="1" line-rate="1" branches-covered="0" branches-valid="0" branch-rate="0" complexity="0">
	<!-- Generated by coverage.py: https://coverage.readthedocs.io -->
	<!-- Based on https://raw.githubusercontent.com/cobertura/web/master/htdocs/xml/coverage-04.dtd -->
	<sources>
		<source>/Users/ojoseph/Desktop/personal/pleiotropy</source>
	</sources>
	<packages>
		<package name="pleiotropy" line-rate="1" branch-rate="0" complexity="0">
			<classes>
				<class name="__init__.py" filename="pleiotropy/__init__.py" complexity="0" line-rate="1" branch-rate="0">
					<methods/>
					<lines>
						<line number="5" hits="1"/>
					</lines>
				</class>
			</classes>
		</package>
	</packages>
</coverage>
